ER
  0   1 
254 860 
ER
ER
ER
  0   1 
254 860 
ER
  0   1 
254 860 
ER
ER
  0   1 
254 860 
  0   1 
254 860 
  0   1 
254 860 
ER
  0   1 
254 ER
  0   1 
254 860 
860 
  0   1 
254 860 
ER
  0   1 
254 860 
      Gene       ER_pval
 [1,] "A1BG"     NA     
 [2,] "A1CF"     NA     
 [3,] "A2BP1"    NA     
 [4,] "A2LD1"    NA     
 [5,] "A2M"      NA     
 [6,] "A2ML1"    NA     
 [7,] "A4GALT"   NA     
 [8,] "A4GNT"    NA     
 [9,] "AAA1"     NA     
[10,] "AAAS"     NA     
[11,] "AACS"     NA     
[12,] "AACSL"    NA     
[13,] "AADAC"    NA     
[14,] "AADACL2"  NA     
[15,] "AADACL3"  NA     
[16,] "AADACL4"  NA     
[17,] "AADAT"    NA     
[18,] "AAGAB"    NA     
[19,] "AAK1"     NA     
[20,] "AAMP"     NA     
[21,] "AANAT"    NA     
[22,] "AARS"     NA     
[23,] "AARS2"    NA     
[24,] "AARSD1"   NA     
[25,] "AASDH"    NA     
[26,] "AASDHPPT" NA     
[27,] "AASS"     NA     
[28,] "AATF"     NA     
[29,] "AATK"     NA     
[30,] "ABAT"     NA     
[31,] "ABCA1"    NA     
[32,] "ABCA10"   NA     
[33,] "ABCA11P"  NA     
[34,] "ABCA12"   NA     
[35,] "ABCA13"   NA     
[36,] "ABCA17P"  NA     
[37,] "ABCA2"    NA     
[38,] "ABCA3"    NA     
[39,] "ABCA4"    NA     
[40,] "ABCA5"    NA     
[41,] "ABCA6"    NA     
[42,] "ABCA7"    NA     
[43,] "ABCA8"    NA     
[44,] "ABCA9"    NA     
[45,] "ABCB1"    NA     
[46,] "ABCB10"   NA     
[47,] "ABCB11"   NA     
[48,] "ABCB4"    NA     
[49,] "ABCB5"    NA     
[50,] "ABCB6"    NA     
   user  system elapsed 
  0.117   0.053   0.169 
Error in stopCluster.default() : 
  argument "cl" is missing, with no default
Calls: stopCluster -> stopCluster.default
Execution halted
srun: error: compute-c1-060: task 0: Exited with exit code 1
